1560927165565	mozrunner::runner	INFO	Running command: "/Applications/Firefox.app/Contents/MacOS/firefox-bin" "-marionette" "-headless" "-foreground" "-no-remote" "-profile" "/var/folders/4y/j2lcsvtj3974cyp3f23bk6dh0000gn/T/rust_mozprofile.Mz4wGL8wnIhF"
*** You are running in headless mode.
*** You are running in headless mode.
1560927166245	addons.webextension.screenshots@mozilla.org	WARN	Loading extension 'screenshots@mozilla.org': Reading manifest: Invalid extension permission: mozillaAddons
1560927166246	addons.webextension.screenshots@mozilla.org	WARN	Loading extension 'screenshots@mozilla.org': Reading manifest: Invalid extension permission: resource://pdf.js/
1560927166246	addons.webextension.screenshots@mozilla.org	WARN	Loading extension 'screenshots@mozilla.org': Reading manifest: Invalid extension permission: about:reader*
1560927167546	Marionette	INFO	Listening on port 51481
1560927231734	mozrunner::runner	INFO	Running command: "/Applications/Firefox.app/Contents/MacOS/firefox-bin" "-marionette" "-headless" "-foreground" "-no-remote" "-profile" "/var/folders/4y/j2lcsvtj3974cyp3f23bk6dh0000gn/T/rust_mozprofile.S4gTaxUZurAd"
*** You are running in headless mode.
1560927232104	addons.webextension.screenshots@mozilla.org	WARN	Loading extension 'screenshots@mozilla.org': Reading manifest: Invalid extension permission: mozillaAddons
1560927232105	addons.webextension.screenshots@mozilla.org	WARN	Loading extension 'screenshots@mozilla.org': Reading manifest: Invalid extension permission: resource://pdf.js/
1560927232105	addons.webextension.screenshots@mozilla.org	WARN	Loading extension 'screenshots@mozilla.org': Reading manifest: Invalid extension permission: about:reader*
1560927233342	Marionette	INFO	Listening on port 51533
1560927233374	Marionette	WARN	TLS certificate errors will be ignored for this session
JavaScript error: https://www.nasdaq.com/earnings/analyst-forecast-change.aspx?SortTable=INCREASE&selectedrange=0&report=1, line 723: TypeError: document.getElementById(...) is null
JavaScript error: https://www.nasdaq.com/earnings/analyst-forecast-change.aspx?SortTable=INCREASE&selectedrange=0&report=1, line 723: TypeError: document.getElementById(...) is null
JavaScript error: https://www.nasdaq.com/earnings/analyst-forecast-change.aspx?SortTable=INCREASE&selectedrange=0&report=1, line 1469: ReferenceError: bk_addPageCtx is not defined
JavaScript error: https://www.nasdaq.com/earnings/analyst-forecast-change.aspx?SortTable=INCREASE&selectedrange=0&report=1, line 723: TypeError: document.getElementById(...) is null
JavaScript error: https://www.nasdaq.com/earnings/analyst-forecast-change.aspx?SortTable=INCREASE&selectedrange=0&report=1, line 1469: ReferenceError: bk_addPageCtx is not defined
JavaScript error: https://www.nasdaq.com/earnings/analyst-forecast-change.aspx?SortTable=INCREASE&selectedrange=0&report=1, line 723: TypeError: document.getElementById(...) is null
JavaScript error: https://www.nasdaq.com/earnings/analyst-forecast-change.aspx?SortTable=INCREASE&selectedrange=0&report=1, line 1469: ReferenceError: bk_addPageCtx is not defined
JavaScript error: https://www.nasdaq.com/earnings/analyst-forecast-change.aspx?SortTable=INCREASE&selectedrange=0&report=1, line 723: TypeError: document.getElementById(...) is null
JavaScript error: https://www.nasdaq.com/earnings/analyst-forecast-change.aspx?SortTable=INCREASE&selectedrange=0&report=2, line 723: TypeError: document.getElementById(...) is null
console.error: BroadcastService: 
console.error: BroadcastService: 
  receivedBroadcastMessage: handler for
  remote-settings/monitor_changes
  threw error:
  receivedBroadcastMessage: handler for
  remote-settings/monitor_changes
  threw error:
  Message: Error: Polling for changes failed: http://%(server)s/dummy/blocklist//buckets/monitor/collections/changes/records?_expected=%221560874615921%22 is not a valid URL..
  Stack:
    remoteSettingsFunction/remoteSettings.pollChanges@resource://services-settings/remote-settings.js:203:13

  Message: Error: Polling for changes failed: http://%(server)s/dummy/blocklist//buckets/monitor/collections/changes/records?_expected=%221560874615921%22 is not a valid URL..
  Stack:
    remoteSettingsFunction/remoteSettings.pollChanges@resource://services-settings/remote-settings.js:203:13

JavaScript error: https://www.nasdaq.com/earnings/analyst-forecast-change.aspx?SortTable=INCREASE&selectedrange=0&report=2, line 723: TypeError: document.getElementById(...) is null
JavaScript error: https://www.nasdaq.com/earnings/analyst-forecast-change.aspx?SortTable=INCREASE&selectedrange=0&report=2, line 1469: ReferenceError: bk_addPageCtx is not defined
JavaScript error: https://www.nasdaq.com/earnings/analyst-forecast-change.aspx?SortTable=INCREASE&selectedrange=0&report=2, line 723: TypeError: document.getElementById(...) is null
JavaScript error: https://www.nasdaq.com/earnings/analyst-forecast-change.aspx?SortTable=INCREASE&selectedrange=0&report=2, line 1469: ReferenceError: bk_addPageCtx is not defined
JavaScript error: https://www.nasdaq.com/earnings/analyst-forecast-change.aspx?SortTable=INCREASE&selectedrange=0&report=2, line 723: TypeError: document.getElementById(...) is null
JavaScript error: https://www.nasdaq.com/earnings/analyst-forecast-change.aspx?SortTable=INCREASE&selectedrange=0&report=11, line 723: TypeError: document.getElementById(...) is null
JavaScript error: https://www.nasdaq.com/earnings/analyst-forecast-change.aspx?SortTable=INCREASE&selectedrange=0&report=11, line 723: TypeError: document.getElementById(...) is null
JavaScript error: https://www.nasdaq.com/earnings/analyst-forecast-change.aspx?SortTable=INCREASE&selectedrange=0&report=11, line 1469: ReferenceError: bk_addPageCtx is not defined
JavaScript error: https://www.nasdaq.com/earnings/analyst-forecast-change.aspx?SortTable=INCREASE&selectedrange=0&report=11, line 723: TypeError: document.getElementById(...) is null
JavaScript error: https://www.nasdaq.com/earnings/analyst-forecast-change.aspx?SortTable=INCREASE&selectedrange=0&report=11, line 1469: ReferenceError: bk_addPageCtx is not defined
JavaScript error: https://www.nasdaq.com/earnings/analyst-forecast-change.aspx?SortTable=INCREASE&selectedrange=0&report=11, line 723: TypeError: document.getElementById(...) is null
JavaScript error: https://www.nasdaq.com/earnings/analyst-forecast-change.aspx?SortTable=INCREASE&selectedrange=0&report=12, line 723: TypeError: document.getElementById(...) is null
JavaScript error: https://www.nasdaq.com/earnings/analyst-forecast-change.aspx?SortTable=INCREASE&selectedrange=0&report=12, line 723: TypeError: document.getElementById(...) is null
JavaScript error: https://www.nasdaq.com/earnings/analyst-forecast-change.aspx?SortTable=INCREASE&selectedrange=0&report=12, line 1469: ReferenceError: bk_addPageCtx is not defined
JavaScript error: https://www.nasdaq.com/earnings/analyst-forecast-change.aspx?SortTable=INCREASE&selectedrange=0&report=12, line 723: TypeError: document.getElementById(...) is null
JavaScript error: https://www.nasdaq.com/earnings/analyst-forecast-change.aspx?SortTable=INCREASE&selectedrange=0&report=12, line 1469: ReferenceError: bk_addPageCtx is not defined
JavaScript error: https://www.nasdaq.com/earnings/analyst-forecast-change.aspx?SortTable=INCREASE&selectedrange=0&report=12, line 723: TypeError: document.getElementById(...) is null
JavaScript error: https://www.nasdaq.com/earnings/analyst-forecast-change.aspx?SortTable=INCREASE&selectedrange=0&report=12, line 1469: ReferenceError: bk_addPageCtx is not defined
JavaScript error: https://www.nasdaq.com/earnings/analyst-forecast-change.aspx?SortTable=INCREASE&selectedrange=0&report=12, line 723: TypeError: document.getElementById(...) is null
JavaScript error: https://www.nasdaq.com/earnings/analyst-forecast-change.aspx?SortTable=INCREASE&selectedrange=0&report=12, line 1469: ReferenceError: bk_addPageCtx is not defined
JavaScript error: https://www.nasdaq.com/earnings/analyst-forecast-change.aspx?SortTable=INCREASE&selectedrange=0&report=12, line 723: TypeError: document.getElementById(...) is null
JavaScript error: https://www.nasdaq.com/earnings/analyst-forecast-change.aspx?SortTable=DECREASE&selectedrange=0&report=1, line 723: TypeError: document.getElementById(...) is null
JavaScript error: https://www.nasdaq.com/earnings/analyst-forecast-change.aspx?SortTable=DECREASE&selectedrange=0&report=1, line 723: TypeError: document.getElementById(...) is null
JavaScript error: https://www.nasdaq.com/earnings/analyst-forecast-change.aspx?SortTable=DECREASE&selectedrange=0&report=1, line 1469: ReferenceError: bk_addPageCtx is not defined
JavaScript error: https://www.nasdaq.com/earnings/analyst-forecast-change.aspx?SortTable=DECREASE&selectedrange=0&report=1, line 723: TypeError: document.getElementById(...) is null
JavaScript error: https://www.nasdaq.com/earnings/analyst-forecast-change.aspx?SortTable=DECREASE&selectedrange=0&report=1, line 1469: ReferenceError: bk_addPageCtx is not defined
JavaScript error: https://www.nasdaq.com/earnings/analyst-forecast-change.aspx?SortTable=DECREASE&selectedrange=0&report=1, line 723: TypeError: document.getElementById(...) is null
[GFX1-]: Receive IPC close with reason=AbnormalShutdown
Exiting due to channel error.
[GFX1-]: Receive IPC close with reason=AbnormalShutdown
Exiting due to channel error.
[GFX1-]: Receive IPC close with reason=AbnormalShutdown
Exiting due to channel error.
[GFX1-]: Receive IPC close with reason=AbnormalShutdown
Exiting due to channel error.
[GFX1-]: Receive IPC close with reason=AbnormalShutdown
[Child 3901, Chrome_ChildThread] WARNING: pipe error: Broken pipe: file /builds/worker/workspace/build/src/ipc/chromium/src/chrome/common/ipc_channel_posix.cc, line 726
Exiting due to channel error.
Exiting due to channel error.
